TN:
SF:src/config/database.ts
FNF:0
FNH:0
DA:1,0
DA:3,0
LF:2
LH:0
BRDA:4,0,0,0
BRDA:4,0,1,0
BRDA:5,1,0,0
BRDA:5,1,1,0
BRDA:6,2,0,0
BRDA:6,2,1,0
BRDA:7,3,0,0
BRDA:7,3,1,0
BRDA:8,4,0,0
BRDA:8,4,1,0
BRF:10
BRH:0
end_of_record
TN:
SF:src/config/swagger.ts
FNF:0
FNH:0
DA:1,0
DA:3,0
DA:17,0
LF:3
LH:0
BRF:0
BRH:0
end_of_record
TN:
SF:src/events/index.ts
FNF:0
FNH:0
DA:1,0
DA:2,0
LF:2
LH:0
BRF:0
BRH:0
end_of_record
TN:
SF:src/events/types.ts
FN:3,(anonymous_0)
FNF:1
FNH:0
FNDA:0,(anonymous_0)
DA:3,0
DA:5,0
DA:6,0
DA:7,0
DA:8,0
DA:11,0
DA:12,0
DA:13,0
DA:14,0
DA:17,0
DA:18,0
DA:19,0
DA:22,0
DA:23,0
DA:24,0
DA:27,0
LF:16
LH:0
BRDA:3,0,0,0
BRDA:3,0,1,0
BRF:2
BRH:0
end_of_record
TN:
SF:src/models/payment.model.ts
FNF:0
FNH:0
DA:1,0
DA:2,0
DA:14,0
DA:27,0
LF:4
LH:0
BRF:0
BRH:0
end_of_record
TN:
SF:src/utils/logger.ts
FNF:0
FNH:0
DA:1,0
DA:3,0
LF:2
LH:0
BRF:0
BRH:0
end_of_record
