TN:
SF:src/index.ts
FN:18,(anonymous_1)
FN:31,(anonymous_2)
FN:39,(anonymous_3)
FNF:3
FNH:0
FNDA:0,(anonymous_1)
FNDA:0,(anonymous_2)
FNDA:0,(anonymous_3)
DA:1,0
DA:2,0
DA:3,0
DA:4,0
DA:5,0
DA:6,0
DA:7,0
DA:9,0
DA:11,0
DA:12,0
DA:14,0
DA:15,0
DA:16,0
DA:18,0
DA:19,0
DA:29,0
DA:31,0
DA:32,0
DA:33,0
DA:34,0
DA:36,0
DA:37,0
DA:39,0
DA:40,0
DA:43,0
DA:44,0
DA:48,0
DA:49,0
LF:28
LH:0
BRDA:12,0,0,0
BRDA:12,0,1,0
BRF:2
BRH:0
end_of_record
TN:
SF:src/config/database.ts
FN:11,(anonymous_0)
FNF:1
FNH:0
FNDA:0,(anonymous_0)
DA:1,0
DA:2,0
DA:4,0
DA:11,0
LF:4
LH:0
BRDA:5,0,0,0
BRDA:5,0,1,0
BRDA:6,1,0,0
BRDA:6,1,1,0
BRDA:7,2,0,0
BRDA:7,2,1,0
BRDA:8,3,0,0
BRDA:8,3,1,0
BRDA:9,4,0,0
BRDA:9,4,1,0
BRF:10
BRH:0
end_of_record
TN:
SF:src/models/banner.model.ts
FNF:0
FNH:0
DA:1,0
DA:2,0
DA:17,0
DA:33,0
LF:4
LH:0
BRF:0
BRH:0
end_of_record
TN:
SF:src/routes/banner.routes.ts
FN:23,(anonymous_1)
FN:66,(anonymous_2)
FN:132,(anonymous_3)
FN:171,(anonymous_4)
FN:213,(anonymous_5)
FNF:5
FNH:0
FNDA:0,(anonymous_1)
FNDA:0,(anonymous_2)
FNDA:0,(anonymous_3)
FNDA:0,(anonymous_4)
FNDA:0,(anonymous_5)
DA:1,0
DA:2,0
DA:3,0
DA:5,0
DA:23,0
DA:24,0
DA:25,0
DA:26,0
DA:28,0
DA:29,0
DA:32,0
DA:37,0
DA:42,0
DA:43,0
DA:66,0
DA:67,0
DA:68,0
DA:70,0
DA:71,0
DA:77,0
DA:82,0
DA:83,0
DA:132,0
DA:133,0
DA:134,0
DA:136,0
DA:141,0
DA:142,0
DA:171,0
DA:172,0
DA:173,0
DA:175,0
DA:176,0
DA:182,0
DA:184,0
DA:189,0
DA:190,0
DA:213,0
DA:214,0
DA:215,0
DA:217,0
DA:218,0
DA:224,0
DA:226,0
DA:231,0
DA:232,0
DA:239,0
LF:47
LH:0
BRDA:28,0,0,0
BRDA:70,1,0,0
BRDA:175,2,0,0
BRDA:217,3,0,0
BRF:4
BRH:0
end_of_record
TN:
SF:src/utils/logger.ts
FNF:0
FNH:0
DA:1,0
DA:3,0
LF:2
LH:0
BRDA:4,0,0,0
BRDA:4,0,1,0
BRF:2
BRH:0
end_of_record
