TN:
SF:src/index.ts
FN:29,(anonymous_1)
FN:32,(anonymous_2)
FN:54,(anonymous_3)
FN:67,(anonymous_4)
FNF:4
FNH:0
FNDA:0,(anonymous_1)
FNDA:0,(anonymous_2)
FNDA:0,(anonymous_3)
FNDA:0,(anonymous_4)
DA:1,0
DA:2,0
DA:3,0
DA:4,0
DA:5,0
DA:6,0
DA:7,0
DA:8,0
DA:9,0
DA:10,0
DA:11,0
DA:12,0
DA:15,0
DA:17,0
DA:18,0
DA:19,0
DA:22,0
DA:23,0
DA:27,0
DA:28,0
DA:29,0
DA:32,0
DA:33,0
DA:41,0
DA:47,0
DA:50,0
DA:51,0
DA:54,0
DA:55,0
DA:57,0
DA:58,0
DA:61,0
DA:62,0
DA:63,0
DA:67,0
DA:68,0
DA:69,0
DA:72,0
DA:73,0
DA:77,0
DA:79,0
LF:41
LH:0
BRDA:18,0,0,0
BRDA:18,0,1,0
BRDA:19,1,0,0
BRDA:19,1,1,0
BRDA:24,2,0,0
BRDA:24,2,1,0
BRDA:61,3,0,0
BRF:7
BRH:0
end_of_record
TN:
SF:src/config/database.ts
FN:11,(anonymous_0)
FNF:1
FNH:0
FNDA:0,(anonymous_0)
DA:1,5
DA:2,5
DA:4,5
DA:11,0
DA:20,5
LF:5
LH:4
BRDA:5,0,0,5
BRDA:5,0,1,5
BRDA:6,1,0,5
BRDA:6,1,1,5
BRDA:7,2,0,5
BRDA:7,2,1,5
BRDA:8,3,0,5
BRDA:8,3,1,5
BRDA:9,4,0,5
BRDA:9,4,1,5
BRF:10
BRH:10
end_of_record
TN:
SF:src/config/swagger.ts
FNF:0
FNH:0
DA:1,0
DA:3,0
DA:94,0
LF:3
LH:0
BRF:0
BRH:0
end_of_record
TN:
SF:src/controllers/auth.controller.ts
FN:25,(anonymous_1)
FN:47,(anonymous_2)
FN:69,(anonymous_3)
FN:91,(anonymous_4)
FN:108,(anonymous_5)
FNF:5
FNH:2
FNDA:3,(anonymous_1)
FNDA:1,(anonymous_2)
FNDA:0,(anonymous_3)
FNDA:0,(anonymous_4)
FNDA:0,(anonymous_5)
DA:2,1
DA:3,1
DA:4,1
DA:7,1
DA:15,1
DA:20,1
DA:24,1
DA:26,3
DA:28,3
DA:31,1
DA:33,1
DA:39,2
DA:40,2
DA:42,0
DA:48,1
DA:50,1
DA:53,1
DA:55,1
DA:61,0
DA:62,0
DA:64,0
DA:70,0
DA:72,0
DA:75,0
DA:77,0
DA:83,0
DA:84,0
DA:86,0
DA:92,0
DA:93,0
DA:94,0
DA:96,0
DA:98,0
DA:104,0
DA:109,0
DA:110,0
DA:112,0
DA:114,0
DA:120,0
DA:125,1
LF:40
LH:18
BRDA:39,0,0,2
BRDA:39,0,1,0
BRDA:61,1,0,0
BRDA:61,1,1,0
BRDA:83,2,0,0
BRDA:83,2,1,0
BRF:6
BRH:1
end_of_record
TN:
SF:src/middleware/auth.middleware.ts
FN:5,(anonymous_0)
FN:26,(anonymous_1)
FN:27,(anonymous_2)
FNF:3
FNH:0
FNDA:0,(anonymous_0)
FNDA:0,(anonymous_1)
FNDA:0,(anonymous_2)
DA:2,1
DA:3,1
DA:5,1
DA:6,0
DA:7,0
DA:9,0
DA:10,0
DA:13,0
DA:15,0
DA:18,0
DA:20,0
DA:22,0
DA:26,1
DA:27,0
DA:28,0
DA:30,0
DA:31,0
DA:34,0
LF:18
LH:4
BRDA:9,0,0,0
BRDA:9,1,0,0
BRDA:9,1,1,0
BRDA:30,2,0,0
BRDA:30,3,0,0
BRDA:30,3,1,0
BRF:6
BRH:0
end_of_record
TN:
SF:src/middleware/error-handler.ts
FN:5,(anonymous_0)
FNF:1
FNH:1
FNDA:2,(anonymous_0)
DA:2,1
DA:3,1
DA:5,1
DA:11,2
DA:18,2
DA:19,2
DA:30,0
DA:31,0
DA:42,0
DA:43,0
DA:54,0
LF:11
LH:6
BRDA:18,0,0,2
BRDA:22,1,0,2
BRDA:22,1,1,2
BRDA:30,2,0,0
BRDA:42,3,0,0
BRDA:58,4,0,0
BRDA:58,4,1,0
BRF:7
BRH:3
end_of_record
TN:
SF:src/middleware/not-found-handler.ts
FN:3,(anonymous_0)
FNF:1
FNH:0
FNDA:0,(anonymous_0)
DA:3,0
DA:4,0
LF:2
LH:0
BRF:0
BRH:0
end_of_record
TN:
SF:src/models/refresh-token.model.ts
FNF:0
FNH:0
DA:1,3
DA:2,3
DA:22,3
DA:65,3
LF:4
LH:4
BRF:0
BRH:0
end_of_record
TN:
SF:src/models/user.model.ts
FN:35,(anonymous_1)
FN:39,(anonymous_2)
FN:104,(anonymous_3)
FN:110,(anonymous_4)
FNF:4
FNH:0
FNDA:0,(anonymous_1)
FNDA:0,(anonymous_2)
FNDA:0,(anonymous_3)
FNDA:0,(anonymous_4)
DA:1,3
DA:2,3
DA:3,3
DA:36,0
DA:40,0
DA:41,0
DA:42,0
DA:46,3
DA:105,0
DA:106,0
DA:107,0
DA:111,0
DA:112,0
DA:113,0
DA:120,3
LF:15
LH:5
BRDA:105,0,0,0
BRDA:111,1,0,0
BRF:2
BRH:0
end_of_record
TN:
SF:src/routes/auth.routes.ts
FNF:0
FNH:0
DA:1,1
DA:2,1
DA:3,1
DA:4,1
DA:6,1
DA:9,1
DA:48,1
DA:77,1
DA:120,1
DA:151,1
DA:181,1
DA:183,1
LF:12
LH:12
BRDA:10,0,0,1
BRDA:10,0,1,1
BRDA:11,1,0,1
BRDA:11,1,1,1
BRF:4
BRH:4
end_of_record
TN:
SF:src/services/auth.service.ts
FN:21,(anonymous_1)
FN:65,(anonymous_2)
FN:116,(anonymous_3)
FN:167,(anonymous_4)
FN:183,(anonymous_5)
FNF:5
FNH:2
FNDA:5,(anonymous_1)
FNDA:9,(anonymous_2)
FNDA:0,(anonymous_3)
FNDA:0,(anonymous_4)
FNDA:0,(anonymous_5)
DA:1,3
DA:2,3
DA:3,3
DA:4,3
DA:5,3
DA:20,3
DA:23,5
DA:24,5
DA:25,3
DA:29,2
DA:39,2
DA:42,2
DA:48,2
DA:49,2
DA:52,2
DA:58,2
DA:67,9
DA:68,9
DA:69,3
DA:73,6
DA:74,2
DA:76,4
DA:77,0
DA:81,4
DA:82,4
DA:83,2
DA:87,2
DA:88,2
DA:90,2
DA:93,2
DA:99,2
DA:100,2
DA:103,2
DA:109,2
DA:119,0
DA:120,0
DA:122,0
DA:126,0
DA:130,0
DA:131,0
DA:135,0
DA:136,0
DA:137,0
DA:141,0
DA:142,0
DA:143,0
DA:147,0
DA:148,0
DA:152,0
DA:158,0
DA:160,0
DA:162,0
DA:168,0
DA:170,0
DA:175,0
DA:180,0
DA:184,0
DA:185,0
DA:186,0
DA:189,0
DA:193,3
LF:61
LH:34
BRDA:24,0,0,3
BRDA:34,1,0,2
BRDA:34,1,1,2
BRDA:55,2,0,2
BRDA:55,2,1,2
BRDA:68,3,0,3
BRDA:73,4,0,2
BRDA:76,5,0,0
BRDA:82,6,0,2
BRDA:106,7,0,2
BRDA:106,7,1,2
BRDA:130,8,0,0
BRDA:135,9,0,0
BRDA:142,10,0,0
BRDA:147,11,0,0
BRDA:168,12,0,0
BRDA:168,12,1,0
BRDA:185,13,0,0
BRF:18
BRH:10
end_of_record
TN:
SF:src/utils/app-error.ts
FN:5,(anonymous_0)
FNF:1
FNH:1
FNDA:12,(anonymous_0)
DA:1,4
DA:6,12
DA:7,12
DA:8,12
DA:9,12
DA:11,12
LF:6
LH:6
BRDA:5,0,0,0
BRF:1
BRH:0
end_of_record
TN:
SF:src/utils/jwt.ts
FN:15,(anonymous_1)
FN:19,(anonymous_2)
FN:23,(anonymous_3)
FN:32,(anonymous_4)
FN:41,(anonymous_5)
FNF:5
FNH:3
FNDA:2,(anonymous_1)
FNDA:2,(anonymous_2)
FNDA:0,(anonymous_3)
FNDA:0,(anonymous_4)
FNDA:2,(anonymous_5)
DA:1,3
DA:2,3
DA:4,3
DA:5,3
DA:6,3
DA:7,3
DA:15,3
DA:16,2
DA:19,3
DA:20,2
DA:23,3
DA:24,0
DA:25,0
DA:27,0
DA:28,0
DA:32,3
DA:33,0
DA:34,0
DA:36,0
DA:37,0
DA:41,3
DA:42,2
DA:43,2
DA:45,2
DA:46,0
DA:49,2
DA:50,2
DA:52,2
DA:54,2
DA:56,0
DA:58,0
DA:60,0
DA:62,0
LF:33
LH:20
BRDA:4,0,0,3
BRDA:4,0,1,3
BRDA:5,1,0,3
BRDA:5,1,1,3
BRDA:6,2,0,3
BRDA:6,2,1,3
BRDA:7,3,0,3
BRDA:7,3,1,3
BRDA:45,4,0,0
BRDA:52,5,0,2
BRDA:52,5,1,0
BRDA:52,5,2,0
BRDA:52,5,3,0
BRDA:52,5,4,0
BRF:14
BRH:9
end_of_record
TN:
SF:src/utils/logger.ts
FN:19,(anonymous_1)
FNF:1
FNH:1
FNDA:6,(anonymous_1)
DA:1,8
DA:3,8
DA:5,8
DA:20,6
DA:30,8
DA:31,0
DA:37,0
LF:7
LH:5
BRDA:3,0,0,8
BRDA:3,0,1,8
BRDA:21,1,0,2
BRDA:21,1,1,4
BRDA:30,2,0,0
BRF:5
BRH:4
end_of_record
