TN:
SF:src/routes/file.routes.ts
FN:12,(anonymous_1)
FN:25,(anonymous_2)
FN:53,(anonymous_3)
FN:82,(anonymous_4)
FN:105,(anonymous_5)
FN:116,(anonymous_6)
FNF:6
FNH:0
FNDA:0,(anonymous_1)
FNDA:0,(anonymous_2)
FNDA:0,(anonymous_3)
FNDA:0,(anonymous_4)
FNDA:0,(anonymous_5)
FNDA:0,(anonymous_6)
DA:1,0
DA:2,0
DA:4,0
DA:5,0
DA:12,0
DA:13,0
DA:14,0
DA:15,0
DA:17,0
DA:18,0
DA:25,0
DA:34,0
DA:42,0
DA:53,0
DA:54,0
DA:55,0
DA:56,0
DA:58,0
DA:59,0
DA:66,0
DA:71,0
DA:82,0
DA:83,0
DA:84,0
DA:87,0
DA:89,0
DA:97,0
DA:105,0
DA:107,0
DA:116,0
DA:118,0
DA:121,0
LF:32
LH:0
BRDA:17,0,0,0
BRDA:17,1,0,0
BRDA:17,1,1,0
BRDA:58,2,0,0
BRDA:58,3,0,0
BRDA:58,3,1,0
BRDA:58,3,2,0
BRF:7
BRH:0
end_of_record
TN:
SF:src/utils/logger.ts
FNF:0
FNH:0
DA:1,0
DA:3,0
LF:2
LH:0
BRF:0
BRH:0
end_of_record
