TN:
SF:src/index.ts
FN:26,(anonymous_1)
FN:44,(anonymous_2)
FN:53,(anonymous_3)
FN:61,(anonymous_4)
FN:67,(anonymous_5)
FNF:5
FNH:0
FNDA:0,(anonymous_1)
FNDA:0,(anonymous_2)
FNDA:0,(anonymous_3)
FNDA:0,(anonymous_4)
FNDA:0,(anonymous_5)
DA:1,0
DA:2,0
DA:3,0
DA:4,0
DA:5,0
DA:6,0
DA:7,0
DA:8,0
DA:9,0
DA:10,0
DA:11,0
DA:12,0
DA:14,0
DA:16,0
DA:17,0
DA:20,0
DA:22,0
DA:23,0
DA:24,0
DA:26,0
DA:27,0
DA:28,0
DA:36,0
DA:40,0
DA:41,0
DA:42,0
DA:44,0
DA:45,0
DA:46,0
DA:47,0
DA:50,0
DA:51,0
DA:53,0
DA:55,0
DA:56,0
DA:61,0
DA:62,0
DA:63,0
DA:64,0
DA:67,0
DA:68,0
DA:69,0
DA:70,0
DA:73,0
DA:74,0
LF:45
LH:0
BRDA:17,0,0,0
BRDA:17,0,1,0
BRF:2
BRH:0
end_of_record
TN:
SF:src/config/database.ts
FNF:0
FNH:0
DA:1,1
DA:3,1
LF:2
LH:2
BRDA:4,0,0,1
BRDA:4,0,1,1
BRDA:5,1,0,1
BRDA:5,1,1,1
BRDA:6,2,0,1
BRDA:6,2,1,1
BRDA:7,3,0,1
BRDA:7,3,1,1
BRDA:8,4,0,1
BRDA:8,4,1,1
BRF:10
BRH:10
end_of_record
TN:
SF:src/config/swagger.ts
FNF:0
FNH:0
DA:1,0
DA:3,0
DA:22,0
LF:3
LH:0
BRF:0
BRH:0
end_of_record
TN:
SF:src/events/eventBus.ts
FN:21,(anonymous_9)
FN:25,(anonymous_10)
FN:40,(anonymous_11)
FN:45,(anonymous_12)
FN:49,(anonymous_13)
FN:54,(anonymous_14)
FN:58,(anonymous_15)
FN:90,(anonymous_16)
FN:116,(anonymous_17)
FN:127,(anonymous_18)
FN:143,(anonymous_19)
FN:158,(anonymous_20)
FN:168,createEventBus
FNF:13
FNH:0
FNDA:0,(anonymous_9)
FNDA:0,(anonymous_10)
FNDA:0,(anonymous_11)
FNDA:0,(anonymous_12)
FNDA:0,(anonymous_13)
FNDA:0,(anonymous_14)
FNDA:0,(anonymous_15)
FNDA:0,(anonymous_16)
FNDA:0,(anonymous_17)
FNDA:0,(anonymous_18)
FNDA:0,(anonymous_19)
FNDA:0,(anonymous_20)
FNDA:0,createEventBus
DA:1,0
DA:4,0
DA:14,0
DA:15,0
DA:16,0
DA:18,0
DA:19,0
DA:22,0
DA:26,0
DA:27,0
DA:28,0
DA:29,0
DA:32,0
DA:36,0
DA:37,0
DA:40,0
DA:41,0
DA:42,0
DA:45,0
DA:46,0
DA:47,0
DA:49,0
DA:52,0
DA:54,0
DA:59,0
DA:60,0
DA:63,0
DA:71,0
DA:72,0
DA:73,0
DA:75,0
DA:81,0
DA:85,0
DA:86,0
DA:94,0
DA:95,0
DA:99,0
DA:100,0
DA:102,0
DA:105,0
DA:106,0
DA:111,0
DA:114,0
DA:117,0
DA:119,0
DA:120,0
DA:121,0
DA:126,0
DA:127,0
DA:130,0
DA:132,0
DA:134,0
DA:140,0
DA:144,0
DA:145,0
DA:146,0
DA:148,0
DA:149,0
DA:151,0
DA:152,0
DA:154,0
DA:159,0
DA:168,0
DA:169,0
DA:175,0
LF:65
LH:0
BRDA:59,0,0,0
BRDA:59,1,0,0
BRDA:59,1,1,0
BRDA:94,2,0,0
BRDA:94,3,0,0
BRDA:94,3,1,0
BRDA:99,4,0,0
BRDA:117,5,0,0
BRDA:126,6,0,0
BRDA:126,6,1,0
BRDA:145,7,0,0
BRDA:148,8,0,0
BRDA:170,9,0,0
BRDA:170,9,1,0
BRF:14
BRH:0
end_of_record
TN:
SF:src/events/index.ts
FNF:0
FNH:0
DA:1,1
DA:2,1
LF:2
LH:2
BRF:0
BRH:0
end_of_record
TN:
SF:src/events/types.ts
FN:3,(anonymous_0)
FNF:1
FNH:1
FNDA:1,(anonymous_0)
DA:3,1
DA:5,1
DA:6,1
DA:7,1
DA:8,1
DA:11,1
DA:12,1
DA:13,1
DA:14,1
DA:17,1
DA:18,1
DA:19,1
DA:22,1
DA:23,1
DA:24,1
DA:27,1
LF:16
LH:16
BRDA:3,0,0,1
BRDA:3,0,1,1
BRF:2
BRH:2
end_of_record
TN:
SF:src/models/order-item.model.ts
FNF:0
FNH:0
DA:1,1
DA:2,1
DA:32,1
DA:83,1
LF:4
LH:4
BRF:0
BRH:0
end_of_record
TN:
SF:src/models/order.model.ts
FNF:0
FNH:0
DA:1,1
DA:2,1
DA:3,1
DA:16,1
DA:40,1
DA:46,1
DA:51,1
LF:7
LH:7
BRF:0
BRH:0
end_of_record
TN:
SF:src/routes/order.routes.ts
FN:14,(anonymous_1)
FN:24,(anonymous_2)
FN:86,(anonymous_3)
FN:111,(anonymous_4)
FN:152,(anonymous_5)
FN:198,(anonymous_6)
FN:237,(anonymous_7)
FNF:7
FNH:0
FNDA:0,(anonymous_1)
FNDA:0,(anonymous_2)
FNDA:0,(anonymous_3)
FNDA:0,(anonymous_4)
FNDA:0,(anonymous_5)
FNDA:0,(anonymous_6)
FNDA:0,(anonymous_7)
DA:1,0
DA:2,0
DA:3,0
DA:4,0
DA:5,0
DA:6,0
DA:9,0
DA:12,0
DA:14,0
DA:15,0
DA:16,0
DA:17,0
DA:19,0
DA:20,0
DA:24,0
DA:25,0
DA:26,0
DA:29,0
DA:32,0
DA:42,0
DA:45,0
DA:59,0
DA:74,0
DA:80,0
DA:81,0
DA:86,0
DA:87,0
DA:88,0
DA:89,0
DA:91,0
DA:92,0
DA:98,0
DA:106,0
DA:107,0
DA:111,0
DA:112,0
DA:113,0
DA:114,0
DA:116,0
DA:117,0
DA:118,0
DA:121,0
DA:122,0
DA:124,0
DA:127,0
DA:128,0
DA:133,0
DA:134,0
DA:141,0
DA:143,0
DA:144,0
DA:152,0
DA:153,0
DA:154,0
DA:155,0
DA:157,0
DA:158,0
DA:159,0
DA:163,0
DA:164,0
DA:171,0
DA:172,0
DA:174,0
DA:177,0
DA:183,0
DA:189,0
DA:190,0
DA:198,0
DA:199,0
DA:200,0
DA:201,0
DA:203,0
DA:204,0
DA:205,0
DA:209,0
DA:210,0
DA:217,0
DA:218,0
DA:220,0
DA:222,0
DA:228,0
DA:229,0
DA:237,0
DA:238,0
DA:239,0
DA:240,0
DA:242,0
DA:243,0
DA:244,0
DA:248,0
DA:249,0
DA:256,0
DA:257,0
DA:259,0
DA:261,0
DA:267,0
DA:268,0
DA:272,0
LF:98
LH:0
BRDA:35,0,0,0
BRDA:35,0,1,0
BRDA:48,1,0,0
BRDA:48,1,1,0
BRDA:50,2,0,0
BRDA:50,2,1,0
BRDA:91,3,0,0
BRDA:117,4,0,0
BRDA:127,5,0,0
BRDA:127,5,1,0
BRDA:133,6,0,0
BRDA:137,7,0,0
BRDA:137,7,1,0
BRDA:158,8,0,0
BRDA:163,9,0,0
BRDA:179,10,0,0
BRDA:179,10,1,0
BRDA:180,11,0,0
BRDA:180,11,1,0
BRDA:204,12,0,0
BRDA:209,13,0,0
BRDA:243,14,0,0
BRDA:248,15,0,0
BRF:23
BRH:0
end_of_record
TN:
SF:src/routes/partner-cancellation.routes.ts
FN:12,(anonymous_1)
FN:50,(anonymous_2)
FN:58,(anonymous_3)
FN:59,(anonymous_4)
FN:60,(anonymous_5)
FN:61,(anonymous_6)
FN:75,(anonymous_7)
FNF:7
FNH:0
FNDA:0,(anonymous_1)
FNDA:0,(anonymous_2)
FNDA:0,(anonymous_3)
FNDA:0,(anonymous_4)
FNDA:0,(anonymous_5)
FNDA:0,(anonymous_6)
FNDA:0,(anonymous_7)
DA:1,0
DA:2,0
DA:3,0
DA:4,0
DA:6,0
DA:12,0
DA:13,0
DA:14,0
DA:15,0
DA:17,0
DA:18,0
DA:19,0
DA:22,0
DA:25,0
DA:32,0
DA:41,0
DA:42,0
DA:50,0
DA:51,0
DA:52,0
DA:53,0
DA:55,0
DA:57,0
DA:58,0
DA:59,0
DA:60,0
DA:61,0
DA:64,0
DA:66,0
DA:67,0
DA:75,0
DA:76,0
DA:77,0
DA:78,0
DA:80,0
DA:81,0
DA:82,0
DA:85,0
DA:86,0
DA:88,0
DA:89,0
DA:91,0
DA:94,0
DA:96,0
DA:98,0
DA:104,0
DA:105,0
DA:109,0
LF:48
LH:0
BRDA:14,0,0,0
BRDA:14,1,0,0
BRDA:18,2,0,0
BRDA:18,2,1,0
BRDA:81,3,0,0
BRDA:85,4,0,0
BRDA:85,4,1,0
BRDA:88,5,0,0
BRDA:88,5,1,0
BRDA:101,6,0,0
BRDA:101,6,1,0
BRF:11
BRH:0
end_of_record
TN:
SF:src/saga/orderSaga.ts
FN:5,(anonymous_1)
FN:27,(anonymous_2)
FN:33,(anonymous_3)
FN:57,(anonymous_4)
FN:58,(anonymous_5)
FN:59,(anonymous_6)
FN:63,(anonymous_7)
FN:73,(anonymous_8)
FN:86,(anonymous_9)
FN:87,(anonymous_10)
FN:88,(anonymous_11)
FN:92,(anonymous_12)
FN:102,(anonymous_13)
FN:115,(anonymous_14)
FN:133,(anonymous_15)
FN:159,(anonymous_16)
FN:165,(anonymous_17)
FN:170,(anonymous_18)
FN:185,(anonymous_19)
FNF:19
FNH:1
FNDA:1,(anonymous_1)
FNDA:0,(anonymous_2)
FNDA:0,(anonymous_3)
FNDA:0,(anonymous_4)
FNDA:0,(anonymous_5)
FNDA:0,(anonymous_6)
FNDA:0,(anonymous_7)
FNDA:0,(anonymous_8)
FNDA:0,(anonymous_9)
FNDA:0,(anonymous_10)
FNDA:0,(anonymous_11)
FNDA:0,(anonymous_12)
FNDA:0,(anonymous_13)
FNDA:0,(anonymous_14)
FNDA:0,(anonymous_15)
FNDA:0,(anonymous_16)
FNDA:0,(anonymous_17)
FNDA:0,(anonymous_18)
FNDA:0,(anonymous_19)
DA:1,1
DA:2,1
DA:3,1
DA:5,1
DA:6,1
DA:7,1
DA:8,1
DA:9,1
DA:10,1
DA:11,1
DA:12,1
DA:21,1
DA:25,0
DA:28,0
DA:29,0
DA:30,0
DA:34,0
DA:36,0
DA:38,0
DA:41,0
DA:44,0
DA:47,0
DA:49,0
DA:50,0
DA:52,0
DA:53,0
DA:58,0
DA:59,0
DA:60,0
DA:63,0
DA:64,0
DA:65,0
DA:66,0
DA:67,0
DA:68,0
DA:69,0
DA:73,0
DA:74,0
DA:75,0
DA:76,0
DA:77,0
DA:81,0
DA:82,0
DA:87,0
DA:88,0
DA:89,0
DA:92,0
DA:93,0
DA:94,0
DA:95,0
DA:96,0
DA:97,0
DA:98,0
DA:102,0
DA:103,0
DA:104,0
DA:105,0
DA:106,0
DA:110,0
DA:111,0
DA:116,0
DA:117,0
DA:118,0
DA:119,0
DA:120,0
DA:123,0
DA:129,0
DA:134,0
DA:135,0
DA:137,0
DA:139,0
DA:140,0
DA:143,0
DA:144,0
DA:147,0
DA:148,0
DA:151,0
DA:152,0
DA:154,0
DA:155,0
DA:160,0
DA:166,0
DA:171,0
DA:172,0
DA:173,0
DA:174,0
DA:175,0
DA:177,0
DA:186,0
LF:89
LH:12
BRDA:5,0,0,1
BRDA:5,0,1,1
BRDA:64,1,0,0
BRDA:74,2,0,0
BRDA:93,3,0,0
BRDA:103,4,0,0
BRDA:117,5,0,0
BRDA:139,6,0,0
BRDA:143,7,0,0
BRDA:147,8,0,0
BRDA:173,9,0,0
BRF:11
BRH:2
end_of_record
TN:
SF:src/utils/logger.ts
FNF:0
FNH:0
DA:1,1
DA:3,1
LF:2
LH:2
BRF:0
BRH:0
end_of_record
