TN:
SF:src/server.ts
FN:47,(anonymous_1)
FN:60,(anonymous_2)
FN:142,(anonymous_3)
FN:146,(anonymous_4)
FN:156,(anonymous_5)
FN:159,(anonymous_6)
FN:192,startServer
FN:199,(anonymous_8)
FN:206,(anonymous_9)
FN:209,(anonymous_10)
FN:219,(anonymous_11)
FN:225,(anonymous_12)
FN:226,(anonymous_13)
FNF:13
FNH:0
FNDA:0,(anonymous_1)
FNDA:0,(anonymous_2)
FNDA:0,(anonymous_3)
FNDA:0,(anonymous_4)
FNDA:0,(anonymous_5)
FNDA:0,(anonymous_6)
FNDA:0,startServer
FNDA:0,(anonymous_8)
FNDA:0,(anonymous_9)
FNDA:0,(anonymous_10)
FNDA:0,(anonymous_11)
FNDA:0,(anonymous_12)
FNDA:0,(anonymous_13)
DA:2,0
DA:3,0
DA:5,0
DA:6,0
DA:7,0
DA:8,0
DA:9,0
DA:10,0
DA:11,0
DA:12,0
DA:13,0
DA:19,0
DA:25,0
DA:27,0
DA:29,0
DA:30,0
DA:33,0
DA:36,0
DA:37,0
DA:41,0
DA:44,0
DA:47,0
DA:48,0
DA:60,0
DA:61,0
DA:77,0
DA:130,0
DA:131,0
DA:132,0
DA:135,0
DA:136,0
DA:137,0
DA:138,0
DA:139,0
DA:142,0
DA:143,0
DA:147,0
DA:150,0
DA:151,0
DA:152,0
DA:153,0
DA:157,0
DA:160,0
DA:161,0
DA:170,0
DA:171,0
DA:172,0
DA:174,0
DA:176,0
DA:177,0
DA:180,0
DA:185,0
DA:188,0
DA:189,0
DA:193,0
DA:195,0
DA:196,0
DA:199,0
DA:200,0
DA:201,0
DA:202,0
DA:206,0
DA:207,0
DA:209,0
DA:210,0
DA:213,0
DA:215,0
DA:219,0
DA:220,0
DA:221,0
DA:225,0
DA:226,0
DA:229,0
DA:230,0
DA:234,0
DA:236,0
LF:76
LH:0
BRDA:30,0,0,0
BRDA:30,0,1,0
BRDA:38,1,0,0
BRDA:38,1,1,0
BRDA:150,2,0,0
BRDA:150,2,1,0
BRDA:170,3,0,0
BRDA:170,3,1,0
BRDA:171,4,0,0
BRDA:171,4,1,0
BRDA:171,5,0,0
BRDA:171,5,1,0
BRDA:176,6,0,0
BRDA:176,6,1,0
BRDA:201,7,0,0
BRDA:201,7,1,0
BRF:16
BRH:0
end_of_record
TN:
SF:src/tracing.ts
FN:29,(anonymous_1)
FN:45,startTracing
FN:55,(anonymous_3)
FNF:3
FNH:0
FNDA:0,(anonymous_1)
FNDA:0,startTracing
FNDA:0,(anonymous_3)
DA:1,0
DA:2,0
DA:3,0
DA:5,0
DA:7,0
DA:8,0
DA:11,0
DA:17,0
DA:30,0
DA:31,0
DA:32,0
DA:45,0
DA:46,0
DA:47,0
DA:48,0
DA:50,0
DA:55,0
DA:56,0
DA:57,0
DA:58,0
DA:60,0
DA:62,0
DA:66,0
LF:23
LH:0
BRDA:12,0,0,0
BRDA:12,0,1,0
BRDA:31,1,0,0
BRDA:31,1,1,0
BRDA:32,2,0,0
BRDA:32,2,1,0
BRDA:32,2,2,0
BRF:7
BRH:0
end_of_record
TN:
SF:src/config/redis.ts
FN:10,connectRedis
FN:23,(anonymous_2)
FN:27,(anonymous_3)
FN:31,(anonymous_4)
FN:35,(anonymous_5)
FN:44,getRedisClient
FN:51,disconnectRedis
FN:60,getCached
FN:76,setCache
FN:91,deleteCache
FN:102,deleteCachePattern
FNF:11
FNH:0
FNDA:0,connectRedis
FNDA:0,(anonymous_2)
FNDA:0,(anonymous_3)
FNDA:0,(anonymous_4)
FNDA:0,(anonymous_5)
FNDA:0,getRedisClient
FNDA:0,disconnectRedis
FNDA:0,getCached
FNDA:0,setCache
FNDA:0,deleteCache
FNDA:0,deleteCachePattern
DA:1,0
DA:2,0
DA:4,0
DA:5,0
DA:6,0
DA:8,0
DA:10,0
DA:11,0
DA:12,0
DA:15,0
DA:23,0
DA:24,0
DA:27,0
DA:28,0
DA:31,0
DA:32,0
DA:35,0
DA:36,0
DA:39,0
DA:41,0
DA:44,0
DA:45,0
DA:46,0
DA:48,0
DA:51,0
DA:52,0
DA:53,0
DA:54,0
DA:55,0
DA:60,0
DA:61,0
DA:62,0
DA:63,0
DA:65,0
DA:66,0
DA:69,0
DA:71,0
DA:72,0
DA:76,0
DA:81,0
DA:82,0
DA:83,0
DA:84,0
DA:86,0
DA:87,0
DA:91,0
DA:92,0
DA:93,0
DA:94,0
DA:95,0
DA:97,0
DA:98,0
DA:102,0
DA:103,0
DA:104,0
DA:105,0
DA:107,0
DA:108,0
DA:111,0
DA:112,0
DA:114,0
DA:115,0
DA:119,0
LF:63
LH:0
BRDA:4,0,0,0
BRDA:4,0,1,0
BRDA:5,1,0,0
BRDA:5,1,1,0
BRDA:11,2,0,0
BRDA:11,2,1,0
BRDA:20,3,0,0
BRDA:20,3,1,0
BRDA:45,4,0,0
BRDA:45,4,1,0
BRDA:52,5,0,0
BRDA:52,5,1,0
BRDA:65,6,0,0
BRDA:65,6,1,0
BRDA:65,7,0,0
BRDA:65,7,1,0
BRDA:79,8,0,0
BRDA:107,9,0,0
BRDA:107,9,1,0
BRF:19
BRH:0
end_of_record
TN:
SF:src/middleware/auth.middleware.ts
FN:13,(anonymous_1)
FN:70,(anonymous_2)
FN:100,(anonymous_3)
FN:101,(anonymous_4)
FNF:4
FNH:3
FNDA:6,(anonymous_1)
FNDA:0,(anonymous_2)
FNDA:3,(anonymous_3)
FNDA:3,(anonymous_4)
DA:2,1
DA:3,1
DA:13,1
DA:14,6
DA:15,6
DA:17,6
DA:18,2
DA:25,4
DA:26,4
DA:28,4
DA:34,2
DA:37,2
DA:38,2
DA:39,2
DA:41,2
DA:42,2
DA:44,2
DA:45,1
DA:52,1
DA:53,1
DA:60,0
DA:61,0
DA:70,1
DA:71,0
DA:72,0
DA:74,0
DA:75,0
DA:78,0
DA:79,0
DA:81,0
DA:87,0
DA:88,0
DA:89,0
DA:90,0
DA:92,0
DA:95,0
DA:100,1
DA:101,3
DA:102,3
DA:103,1
DA:110,2
DA:111,1
DA:118,1
LF:43
LH:28
BRDA:17,0,0,2
BRDA:17,0,1,4
BRDA:17,1,0,6
BRDA:17,1,1,5
BRDA:26,2,0,4
BRDA:26,2,1,0
BRDA:44,3,0,1
BRDA:44,3,1,1
BRDA:52,4,0,1
BRDA:52,4,1,0
BRDA:74,5,0,0
BRDA:74,5,1,0
BRDA:74,6,0,0
BRDA:74,6,1,0
BRDA:79,7,0,0
BRDA:79,7,1,0
BRDA:102,8,0,1
BRDA:102,8,1,2
BRDA:110,9,0,1
BRDA:110,9,1,1
BRF:20
BRH:12
end_of_record
TN:
SF:src/middleware/cache.middleware.ts
FN:15,cacheMiddleware
FN:18,(anonymous_2)
FN:45,(anonymous_3)
FN:48,(anonymous_4)
FN:67,cacheProductList
FN:78,cacheProductDetail
FN:89,cacheSearchResults
FN:100,cacheCategories
FN:111,bypassCacheForAuth
FNF:9
FNH:0
FNDA:0,cacheMiddleware
FNDA:0,(anonymous_2)
FNDA:0,(anonymous_3)
FNDA:0,(anonymous_4)
FNDA:0,cacheProductList
FNDA:0,cacheProductDetail
FNDA:0,cacheSearchResults
FNDA:0,cacheCategories
FNDA:0,bypassCacheForAuth
DA:2,0
DA:3,0
DA:15,0
DA:16,0
DA:18,0
DA:20,0
DA:21,0
DA:24,0
DA:26,0
DA:27,0
DA:30,0
DA:32,0
DA:33,0
DA:34,0
DA:35,0
DA:38,0
DA:39,0
DA:42,0
DA:45,0
DA:47,0
DA:48,0
DA:49,0
DA:53,0
DA:56,0
DA:58,0
DA:59,0
DA:67,0
DA:68,0
DA:78,0
DA:79,0
DA:89,0
DA:90,0
DA:100,0
DA:101,0
DA:111,0
DA:112,0
DA:113,0
DA:114,0
DA:116,0
LF:39
LH:0
BRDA:15,0,0,0
BRDA:16,1,0,0
BRDA:16,2,0,0
BRDA:16,3,0,0
BRDA:20,4,0,0
BRDA:20,4,1,0
BRDA:26,5,0,0
BRDA:26,5,1,0
BRDA:32,6,0,0
BRDA:32,6,1,0
BRDA:47,7,0,0
BRDA:47,7,1,0
BRDA:47,8,0,0
BRDA:47,8,1,0
BRDA:112,9,0,0
BRDA:112,9,1,0
BRF:16
BRH:0
end_of_record
TN:
SF:src/middleware/error.middleware.ts
FN:7,requestIdMiddleware
FN:15,errorLoggingMiddleware
FN:41,globalErrorHandler
FN:54,notFoundHandler
FN:76,asyncHandler
FN:77,(anonymous_6)
FNF:6
FNH:0
FNDA:0,requestIdMiddleware
FNDA:0,errorLoggingMiddleware
FNDA:0,globalErrorHandler
FNDA:0,notFoundHandler
FNDA:0,asyncHandler
FNDA:0,(anonymous_6)
DA:2,0
DA:3,0
DA:4,0
DA:7,0
DA:8,0
DA:9,0
DA:10,0
DA:11,0
DA:15,0
DA:21,0
DA:23,0
DA:37,0
DA:41,0
DA:47,0
DA:48,0
DA:50,0
DA:54,0
DA:55,0
DA:57,0
DA:63,0
DA:76,0
DA:77,0
DA:78,0
LF:23
LH:0
BRDA:8,0,0,0
BRDA:8,0,1,0
BRF:2
BRH:0
end_of_record
TN:
SF:src/middleware/rateLimiter.middleware.ts
FNF:0
FNH:0
DA:1,0
DA:4,0
DA:17,0
DA:31,0
LF:4
LH:0
BRF:0
BRH:0
end_of_record
TN:
SF:src/utils/errors.ts
FN:4,(anonymous_1)
FN:40,(anonymous_2)
FN:53,(anonymous_3)
FN:59,(anonymous_4)
FN:65,(anonymous_5)
FN:71,(anonymous_6)
FN:77,(anonymous_7)
FN:83,(anonymous_8)
FN:89,(anonymous_9)
FN:95,(anonymous_10)
FN:100,formatErrorResponse
FN:120,sendErrorResponse
FNF:12
FNH:0
FNDA:0,(anonymous_1)
FNDA:0,(anonymous_2)
FNDA:0,(anonymous_3)
FNDA:0,(anonymous_4)
FNDA:0,(anonymous_5)
FNDA:0,(anonymous_6)
FNDA:0,(anonymous_7)
FNDA:0,(anonymous_8)
FNDA:0,(anonymous_9)
FNDA:0,(anonymous_10)
FNDA:0,formatErrorResponse
FNDA:0,sendErrorResponse
DA:2,0
DA:4,0
DA:6,0
DA:7,0
DA:8,0
DA:9,0
DA:10,0
DA:11,0
DA:12,0
DA:15,0
DA:16,0
DA:17,0
DA:18,0
DA:21,0
DA:22,0
DA:23,0
DA:24,0
DA:39,0
DA:41,0
DA:42,0
DA:43,0
DA:44,0
DA:46,0
DA:47,0
DA:48,0
DA:52,0
DA:54,0
DA:58,0
DA:60,0
DA:64,0
DA:66,0
DA:70,0
DA:72,0
DA:76,0
DA:78,0
DA:82,0
DA:84,0
DA:88,0
DA:90,0
DA:94,0
DA:96,0
DA:100,0
DA:105,0
DA:107,0
DA:120,0
DA:126,0
DA:127,0
DA:130,0
DA:131,0
DA:136,0
DA:139,0
LF:51
LH:0
BRDA:4,0,0,0
BRDA:4,0,1,0
BRDA:53,1,0,0
BRDA:59,2,0,0
BRDA:65,3,0,0
BRDA:71,4,0,0
BRDA:77,5,0,0
BRDA:83,6,0,0
BRDA:89,7,0,0
BRDA:95,8,0,0
BRDA:110,9,0,0
BRDA:110,9,1,0
BRDA:112,10,0,0
BRDA:112,10,1,0
BRDA:126,11,0,0
BRDA:126,11,1,0
BRDA:130,12,0,0
BRDA:130,12,1,0
BRF:18
BRH:0
end_of_record
TN:
SF:src/utils/logger.ts
FN:22,(anonymous_1)
FNF:1
FNH:0
FNDA:0,(anonymous_1)
DA:1,1
DA:3,1
DA:4,1
DA:6,1
DA:23,0
DA:24,0
DA:33,1
DA:34,0
DA:41,0
DA:49,1
LF:10
LH:6
BRDA:4,0,0,1
BRDA:4,0,1,0
BRDA:7,1,0,1
BRDA:7,1,1,1
BRDA:19,2,0,0
BRDA:19,2,1,1
BRDA:23,3,0,0
BRDA:23,3,1,0
BRDA:33,4,0,0
BRDA:33,4,1,1
BRF:10
BRH:5
end_of_record
